# JRE version: OpenJDK Runtime Environment (8.0_152-b01) (build 1.8.0_152-release-915-b01)
# Java VM: OpenJDK 64-Bit Server VM (25.152-b01 mixed mode windows-amd64 compressed oops)
Heap:
 PSYoungGen      total 381952K, used 269214K [0x00000000e0000000, 0x00000000fa900000, 0x0000000100000000)
  eden space 345600K, 67% used [0x00000000e0000000,0x00000000ee418750,0x00000000f5180000)
  from space 36352K, 98% used [0x00000000f7a80000,0x00000000f9d4f1f8,0x00000000f9e00000)
  to   space 41984K, 0% used [0x00000000f5180000,0x00000000f5180000,0x00000000f7a80000)
 ParOldGen       total 141312K, used 83294K [0x00000000a0000000, 0x00000000a8a00000, 0x00000000e0000000)
  object space 141312K, 58% used [0x00000000a0000000,0x00000000a5157b48,0x00000000a8a00000)
 Metaspace       used 85786K, capacity 90132K, committed 90712K, reserved 1128448K
  class space    used 10756K, capacity 11773K, committed 11904K, reserved 1048576K
GC Heap History (10 events):
Event: 4744.561 GC heap before
{Heap before GC invocations=38 (full 3):
 PSYoungGen      total 278528K, used 252416K [0x00000000e0000000, 0x00000000f3580000, 0x0000000100000000)
  eden space 242176K, 100% used [0x00000000e0000000,0x00000000eec80000,0x00000000eec80000)
  from space 36352K, 28% used [0x00000000f1200000,0x00000000f1c00090,0x00000000f3580000)
  to   space 37376K, 0% used [0x00000000eec80000,0x00000000eec80000,0x00000000f1100000)
 ParOldGen       total 102912K, used 82937K [0x00000000a0000000, 0x00000000a6480000, 0x00000000e0000000)
  object space 102912K, 80% used [0x00000000a0000000,0x00000000a50fe710,0x00000000a6480000)
 Metaspace       used 84457K, capacity 89062K, committed 89304K, reserved 1126400K
  class space    used 10636K, capacity 11714K, committed 11776K, reserved 1048576K
Event: 4744.613 GC heap after
Heap after GC invocations=38 (full 3):
 PSYoungGen      total 279552K, used 12320K [0x00000000e0000000, 0x00000000f5f00000, 0x0000000100000000)
  eden space 242176K, 0% used [0x00000000e0000000,0x00000000e0000000,0x00000000eec80000)
  from space 37376K, 32% used [0x00000000eec80000,0x00000000ef8880e0,0x00000000f1100000)
  to   space 36352K, 0% used [0x00000000f3b80000,0x00000000f3b80000,0x00000000f5f00000)
 ParOldGen       total 102912K, used 86113K [0x00000000a0000000, 0x00000000a6480000, 0x00000000e0000000)
  object space 102912K, 83% used [0x00000000a0000000,0x00000000a5418710,0x00000000a6480000)
 Metaspace       used 84457K, capacity 89062K, committed 89304K, reserved 1126400K
  class space    used 10636K, capacity 11714K, committed 11776K, reserved 1048576K
}
Event: 4744.648 GC heap before
{Heap before GC invocations=39 (full 3):
 PSYoungGen      total 279552K, used 18188K [0x00000000e0000000, 0x00000000f5f00000, 0x0000000100000000)
  eden space 242176K, 2% used [0x00000000e0000000,0x00000000e05bb030,0x00000000eec80000)
  from space 37376K, 32% used [0x00000000eec80000,0x00000000ef8880e0,0x00000000f1100000)
  to   space 36352K, 0% used [0x00000000f3b80000,0x00000000f3b80000,0x00000000f5f00000)
 ParOldGen       total 102912K, used 86113K [0x00000000a0000000, 0x00000000a6480000, 0x00000000e0000000)
  object space 102912K, 83% used [0x00000000a0000000,0x00000000a5418710,0x00000000a6480000)
 Metaspace       used 84457K, capacity 89062K, committed 89304K, reserved 1126400K
  class space    used 10636K, capacity 11714K, committed 11776K, reserved 1048576K
Event: 4744.675 GC heap after
Heap after GC invocations=39 (full 3):
 PSYoungGen      total 323072K, used 6000K [0x00000000e0000000, 0x00000000f6a80000, 0x0000000100000000)
  eden space 286720K, 0% used [0x00000000e0000000,0x00000000e0000000,0x00000000f1800000)
  from space 36352K, 16% used [0x00000000f3b80000,0x00000000f415c0b0,0x00000000f5f00000)
  to   space 36352K, 0% used [0x00000000f1800000,0x00000000f1800000,0x00000000f3b80000)
 ParOldGen       total 102912K, used 91729K [0x00000000a0000000, 0x00000000a6480000, 0x00000000e0000000)
  object space 102912K, 89% used [0x00000000a0000000,0x00000000a5994740,0x00000000a6480000)
 Metaspace       used 84457K, capacity 89062K, committed 89304K, reserved 1126400K
  class space    used 10636K, capacity 11714K, committed 11776K, reserved 1048576K
}
Event: 4749.068 GC heap before
{Heap before GC invocations=40 (full 3):
 PSYoungGen      total 323072K, used 292720K [0x00000000e0000000, 0x00000000f6a80000, 0x0000000100000000)
  eden space 286720K, 100% used [0x00000000e0000000,0x00000000f1800000,0x00000000f1800000)
  from space 36352K, 16% used [0x00000000f3b80000,0x00000000f415c0b0,0x00000000f5f00000)
  to   space 36352K, 0% used [0x00000000f1800000,0x00000000f1800000,0x00000000f3b80000)
 ParOldGen       total 102912K, used 91729K [0x00000000a0000000, 0x00000000a6480000, 0x00000000e0000000)
  object space 102912K, 89% used [0x00000000a0000000,0x00000000a5994740,0x00000000a6480000)
 Metaspace       used 84516K, capacity 89074K, committed 89304K, reserved 1126400K
  class space    used 10642K, capacity 11716K, committed 11776K, reserved 1048576K
Event: 4749.119 GC heap after
Heap after GC invocations=40 (full 3):
 PSYoungGen      total 323072K, used 5632K [0x00000000e0000000, 0x00000000f9e00000, 0x0000000100000000)
  eden space 286720K, 0% used [0x00000000e0000000,0x00000000e0000000,0x00000000f1800000)
  from space 36352K, 15% used [0x00000000f1800000,0x00000000f1d800a0,0x00000000f3b80000)
  to   space 36352K, 0% used [0x00000000f7a80000,0x00000000f7a80000,0x00000000f9e00000)
 ParOldGen       total 102912K, used 93929K [0x00000000a0000000, 0x00000000a6480000, 0x00000000e0000000)
  object space 102912K, 91% used [0x00000000a0000000,0x00000000a5bba740,0x00000000a6480000)
 Metaspace       used 84516K, capacity 89074K, committed 89304K, reserved 1126400K
  class space    used 10642K, capacity 11716K, committed 11776K, reserved 1048576K
}
Event: 4749.154 GC heap before
{Heap before GC invocations=41 (full 4):
 PSYoungGen      total 323072K, used 5632K [0x00000000e0000000, 0x00000000f9e00000, 0x0000000100000000)
  eden space 286720K, 0% used [0x00000000e0000000,0x00000000e0000000,0x00000000f1800000)
  from space 36352K, 15% used [0x00000000f1800000,0x00000000f1d800a0,0x00000000f3b80000)
  to   space 36352K, 0% used [0x00000000f7a80000,0x00000000f7a80000,0x00000000f9e00000)
 ParOldGen       total 102912K, used 93929K [0x00000000a0000000, 0x00000000a6480000, 0x00000000e0000000)
  object space 102912K, 91% used [0x00000000a0000000,0x00000000a5bba740,0x00000000a6480000)
 Metaspace       used 84516K, capacity 89074K, committed 89304K, reserved 1126400K
  class space    used 10642K, capacity 11716K, committed 11776K, reserved 1048576K
Event: 4755.699 GC heap after
Heap after GC invocations=41 (full 4):
 PSYoungGen      total 323072K, used 0K [0x00000000e0000000, 0x00000000f9e00000, 0x0000000100000000)
  eden space 286720K, 0% used [0x00000000e0000000,0x00000000e0000000,0x00000000f1800000)
  from space 36352K, 0% used [0x00000000f1800000,0x00000000f1800000,0x00000000f3b80000)
  to   space 36352K, 0% used [0x00000000f7a80000,0x00000000f7a80000,0x00000000f9e00000)
 ParOldGen       total 141312K, used 83286K [0x00000000a0000000, 0x00000000a8a00000, 0x00000000e0000000)
  object space 141312K, 58% used [0x00000000a0000000,0x00000000a5155b48,0x00000000a8a00000)
 Metaspace       used 84128K, capacity 88372K, committed 89304K, reserved 1126400K
  class space    used 10568K, capacity 11585K, committed 11776K, reserved 1048576K
}
Event: 4762.871 GC heap before
{Heap before GC invocations=42 (full 4):
 PSYoungGen      total 323072K, used 286720K [0x00000000e0000000, 0x00000000f9e00000, 0x0000000100000000)
  eden space 286720K, 100% used [0x00000000e0000000,0x00000000f1800000,0x00000000f1800000)
  from space 36352K, 0% used [0x00000000f1800000,0x00000000f1800000,0x00000000f3b80000)
  to   space 36352K, 0% used [0x00000000f7a80000,0x00000000f7a80000,0x00000000f9e00000)
 ParOldGen       total 141312K, used 83286K [0x00000000a0000000, 0x00000000a8a00000, 0x00000000e0000000)
  object space 141312K, 58% used [0x00000000a0000000,0x00000000a5155b48,0x00000000a8a00000)
 Metaspace       used 85019K, capacity 89424K, committed 90200K, reserved 1128448K
  class space    used 10662K, capacity 11691K, committed 11904K, reserved 1048576K
Event: 4762.956 GC heap after
Heap after GC invocations=42 (full 4):
 PSYoungGen      total 381952K, used 35644K [0x00000000e0000000, 0x00000000fa900000, 0x0000000100000000)
  eden space 345600K, 0% used [0x00000000e0000000,0x00000000e0000000,0x00000000f5180000)
  from space 36352K, 98% used [0x00000000f7a80000,0x00000000f9d4f1f8,0x00000000f9e00000)
  to   space 41984K, 0% used [0x00000000f5180000,0x00000000f5180000,0x00000000f7a80000)
 ParOldGen       total 141312K, used 83294K [0x00000000a0000000, 0x00000000a8a00000, 0x00000000e0000000)
  object space 141312K, 58% used [0x00000000a0000000,0x00000000a5157b48,0x00000000a8a00000)
 Metaspace       used 85019K, capacity 89424K, committed 90200K, reserved 1128448K
  class space    used 10662K, capacity 11691K, committed 11904K, reserved 1048576K
}

