# JRE version: OpenJDK Runtime Environment (8.0_152-b01) (build 1.8.0_152-release-915-b01)
# Java VM: OpenJDK 64-Bit Server VM (25.152-b01 mixed mode windows-amd64 compressed oops)
Heap:
 PSYoungGen      total 339456K, used 130132K [0x00000000e0000000, 0x00000000f6380000, 0x0000000100000000)
  eden space 314880K, 41% used [0x00000000e0000000,0x00000000e7f0d020,0x00000000f3380000)
  from space 24576K, 0% used [0x00000000f3380000,0x00000000f3388000,0x00000000f4b80000)
  to   space 22528K, 0% used [0x00000000f4d80000,0x00000000f4d80000,0x00000000f6380000)
 ParOldGen       total 124928K, used 91507K [0x00000000a0000000, 0x00000000a7a00000, 0x00000000e0000000)
  object space 124928K, 73% used [0x00000000a0000000,0x00000000a595cea8,0x00000000a7a00000)
 Metaspace       used 88561K, capacity 93262K, committed 93528K, reserved 1130496K
  class space    used 11148K, capacity 12279K, committed 12416K, reserved 1048576K
GC Heap History (10 events):
Event: 5091.859 GC heap before
{Heap before GC invocations=59 (full 4):
 PSYoungGen      total 337408K, used 321728K [0x00000000e0000000, 0x00000000f6380000, 0x0000000100000000)
  eden space 314880K, 100% used [0x00000000e0000000,0x00000000f3380000,0x00000000f3380000)
  from space 22528K, 30% used [0x00000000f4d80000,0x00000000f54300c0,0x00000000f6380000)
  to   space 24576K, 0% used [0x00000000f3380000,0x00000000f3380000,0x00000000f4b80000)
 ParOldGen       total 124928K, used 76669K [0x00000000a0000000, 0x00000000a7a00000, 0x00000000e0000000)
  object space 124928K, 61% used [0x00000000a0000000,0x00000000a4adf450,0x00000000a7a00000)
 Metaspace       used 84675K, capacity 88866K, committed 89944K, reserved 1128448K
  class space    used 10556K, capacity 11627K, committed 11904K, reserved 1048576K
Event: 5091.897 GC heap after
Heap after GC invocations=59 (full 4):
 PSYoungGen      total 339456K, used 6016K [0x00000000e0000000, 0x00000000f6380000, 0x0000000100000000)
  eden space 314880K, 0% used [0x00000000e0000000,0x00000000e0000000,0x00000000f3380000)
  from space 24576K, 24% used [0x00000000f3380000,0x00000000f39600c0,0x00000000f4b80000)
  to   space 22528K, 0% used [0x00000000f4d80000,0x00000000f4d80000,0x00000000f6380000)
 ParOldGen       total 124928K, used 80701K [0x00000000a0000000, 0x00000000a7a00000, 0x00000000e0000000)
  object space 124928K, 64% used [0x00000000a0000000,0x00000000a4ecf480,0x00000000a7a00000)
 Metaspace       used 84675K, capacity 88866K, committed 89944K, reserved 1128448K
  class space    used 10556K, capacity 11627K, committed 11904K, reserved 1048576K
}
Event: 5100.309 GC heap before
{Heap before GC invocations=60 (full 4):
 PSYoungGen      total 339456K, used 320896K [0x00000000e0000000, 0x00000000f6380000, 0x0000000100000000)
  eden space 314880K, 100% used [0x00000000e0000000,0x00000000f3380000,0x00000000f3380000)
  from space 24576K, 24% used [0x00000000f3380000,0x00000000f39600c0,0x00000000f4b80000)
  to   space 22528K, 0% used [0x00000000f4d80000,0x00000000f4d80000,0x00000000f6380000)
 ParOldGen       total 124928K, used 80701K [0x00000000a0000000, 0x00000000a7a00000, 0x00000000e0000000)
  object space 124928K, 64% used [0x00000000a0000000,0x00000000a4ecf480,0x00000000a7a00000)
 Metaspace       used 85193K, capacity 89454K, committed 90456K, reserved 1128448K
  class space    used 10617K, capacity 11671K, committed 11904K, reserved 1048576K
Event: 5100.339 GC heap after
Heap after GC invocations=60 (full 4):
 PSYoungGen      total 337408K, used 21660K [0x00000000e0000000, 0x00000000f6380000, 0x0000000100000000)
  eden space 314880K, 0% used [0x00000000e0000000,0x00000000e0000000,0x00000000f3380000)
  from space 22528K, 96% used [0x00000000f4d80000,0x00000000f62a7238,0x00000000f6380000)
  to   space 24576K, 0% used [0x00000000f3380000,0x00000000f3380000,0x00000000f4b80000)
 ParOldGen       total 124928K, used 83693K [0x00000000a0000000, 0x00000000a7a00000, 0x00000000e0000000)
  object space 124928K, 66% used [0x00000000a0000000,0x00000000a51bb480,0x00000000a7a00000)
 Metaspace       used 85193K, capacity 89454K, committed 90456K, reserved 1128448K
  class space    used 10617K, capacity 11671K, committed 11904K, reserved 1048576K
}
Event: 5104.482 GC heap before
{Heap before GC invocations=61 (full 4):
 PSYoungGen      total 337408K, used 335703K [0x00000000e0000000, 0x00000000f6380000, 0x0000000100000000)
  eden space 314880K, 99% used [0x00000000e0000000,0x00000000f32aec08,0x00000000f3380000)
  from space 22528K, 96% used [0x00000000f4d80000,0x00000000f62a7238,0x00000000f6380000)
  to   space 24576K, 0% used [0x00000000f3380000,0x00000000f3380000,0x00000000f4b80000)
 ParOldGen       total 124928K, used 83693K [0x00000000a0000000, 0x00000000a7a00000, 0x00000000e0000000)
  object space 124928K, 66% used [0x00000000a0000000,0x00000000a51bb480,0x00000000a7a00000)
 Metaspace       used 86108K, capacity 90618K, committed 91352K, reserved 1128448K
  class space    used 10741K, capacity 11829K, committed 12032K, reserved 1048576K
Event: 5104.490 GC heap after
Heap after GC invocations=61 (full 4):
 PSYoungGen      total 339456K, used 1980K [0x00000000e0000000, 0x00000000f6380000, 0x0000000100000000)
  eden space 314880K, 0% used [0x00000000e0000000,0x00000000e0000000,0x00000000f3380000)
  from space 24576K, 8% used [0x00000000f3380000,0x00000000f356f210,0x00000000f4b80000)
  to   space 22528K, 0% used [0x00000000f4d80000,0x00000000f4d80000,0x00000000f6380000)
 ParOldGen       total 124928K, used 85972K [0x00000000a0000000, 0x00000000a7a00000, 0x00000000e0000000)
  object space 124928K, 68% used [0x00000000a0000000,0x00000000a53f5388,0x00000000a7a00000)
 Metaspace       used 86108K, capacity 90618K, committed 91352K, reserved 1128448K
  class space    used 10741K, capacity 11829K, committed 12032K, reserved 1048576K
}
Event: 5110.453 GC heap before
{Heap before GC invocations=62 (full 4):
 PSYoungGen      total 339456K, used 316860K [0x00000000e0000000, 0x00000000f6380000, 0x0000000100000000)
  eden space 314880K, 100% used [0x00000000e0000000,0x00000000f3380000,0x00000000f3380000)
  from space 24576K, 8% used [0x00000000f3380000,0x00000000f356f210,0x00000000f4b80000)
  to   space 22528K, 0% used [0x00000000f4d80000,0x00000000f4d80000,0x00000000f6380000)
 ParOldGen       total 124928K, used 85972K [0x00000000a0000000, 0x00000000a7a00000, 0x00000000e0000000)
  object space 124928K, 68% used [0x00000000a0000000,0x00000000a53f5388,0x00000000a7a00000)
 Metaspace       used 87970K, capacity 92542K, committed 93144K, reserved 1130496K
  class space    used 11042K, capacity 12141K, committed 12288K, reserved 1048576K
Event: 5110.464 GC heap after
Heap after GC invocations=62 (full 4):
 PSYoungGen      total 337408K, used 10128K [0x00000000e0000000, 0x00000000f6380000, 0x0000000100000000)
  eden space 314880K, 0% used [0x00000000e0000000,0x00000000e0000000,0x00000000f3380000)
  from space 22528K, 44% used [0x00000000f4d80000,0x00000000f5764398,0x00000000f6380000)
  to   space 24576K, 0% used [0x00000000f3380000,0x00000000f3380000,0x00000000f4b80000)
 ParOldGen       total 124928K, used 86638K [0x00000000a0000000, 0x00000000a7a00000, 0x00000000e0000000)
  object space 124928K, 69% used [0x00000000a0000000,0x00000000a549b8c0,0x00000000a7a00000)
 Metaspace       used 87970K, capacity 92542K, committed 93144K, reserved 1130496K
  class space    used 11042K, capacity 12141K, committed 12288K, reserved 1048576K
}
Event: 5110.540 GC heap before
{Heap before GC invocations=63 (full 4):
 PSYoungGen      total 337408K, used 324413K [0x00000000e0000000, 0x00000000f6380000, 0x0000000100000000)
  eden space 314880K, 99% used [0x00000000e0000000,0x00000000f32eb220,0x00000000f3380000)
  from space 22528K, 44% used [0x00000000f4d80000,0x00000000f5764398,0x00000000f6380000)
  to   space 24576K, 0% used [0x00000000f3380000,0x00000000f3380000,0x00000000f4b80000)
 ParOldGen       total 124928K, used 86638K [0x00000000a0000000, 0x00000000a7a00000, 0x00000000e0000000)
  object space 124928K, 69% used [0x00000000a0000000,0x00000000a549b8c0,0x00000000a7a00000)
 Metaspace       used 87978K, capacity 92542K, committed 93144K, reserved 1130496K
  class space    used 11042K, capacity 12141K, committed 12288K, reserved 1048576K
Event: 5110.548 GC heap after
Heap after GC invocations=63 (full 4):
 PSYoungGen      total 339456K, used 32K [0x00000000e0000000, 0x00000000f6380000, 0x0000000100000000)
  eden space 314880K, 0% used [0x00000000e0000000,0x00000000e0000000,0x00000000f3380000)
  from space 24576K, 0% used [0x00000000f3380000,0x00000000f3388000,0x00000000f4b80000)
  to   space 22528K, 0% used [0x00000000f4d80000,0x00000000f4d80000,0x00000000f6380000)
 ParOldGen       total 124928K, used 91507K [0x00000000a0000000, 0x00000000a7a00000, 0x00000000e0000000)
  object space 124928K, 73% used [0x00000000a0000000,0x00000000a595cea8,0x00000000a7a00000)
 Metaspace       used 87978K, capacity 92542K, committed 93144K, reserved 1130496K
  class space    used 11042K, capacity 12141K, committed 12288K, reserved 1048576K
}

